# JRE version: OpenJDK Runtime Environment Temurin-17.0.17+10 (17.0.17+10) (build 17.0.17+10)
# Java VM: OpenJDK 64-Bit Server VM Temurin-17.0.17+10 (17.0.17+10, mixed mode, sharing, tiered, compressed oops, compressed class ptrs, g1 gc, windows-amd64)
GC Precious Log:
 CPUs: 8 total, 8 available
 Memory: 8029M
 Large Page Support: Disabled
 NUMA Support: Disabled
 Compressed Oops: Enabled (32-bit)
 Heap Region Size: 1M
 Heap Min Capacity: 8M
 Heap Initial Capacity: 126M
 Heap Max Capacity: 2G
 Pre-touch: Disabled
 Parallel Workers: 8
 Concurrent Workers: 2
 Concurrent Refinement Workers: 8
 Periodic GC: Disabled
Heap:
 garbage-first heap   total 280576K, used 126405K [0x0000000080000000, 0x0000000100000000)
  region size 1024K, 47 young (48128K), 19 survivors (19456K)
 Metaspace       used 81994K, committed 83136K, reserved 557056K
  class space    used 11541K, committed 12096K, reserved 425984K
GC Heap History (20 events):
Event: 11.206 GC heap before
{Heap before GC invocations=23 (full 0):
 garbage-first heap   total 122880K, used 100605K [0x0000000080000000, 0x0000000100000000)
  region size 1024K, 44 young (45056K), 1 survivors (1024K)
 Metaspace       used 63840K, committed 64704K, reserved 491520K
  class space    used 9189K, committed 9600K, reserved 425984K
}
Event: 11.210 GC heap after
{Heap after GC invocations=24 (full 0):
 garbage-first heap   total 122880K, used 60280K [0x0000000080000000, 0x0000000100000000)
  region size 1024K, 5 young (5120K), 5 survivors (5120K)
 Metaspace       used 63840K, committed 64704K, reserved 491520K
  class space    used 9189K, committed 9600K, reserved 425984K
}
Event: 11.983 GC heap before
{Heap before GC invocations=25 (full 0):
 garbage-first heap   total 122880K, used 99192K [0x0000000080000000, 0x0000000100000000)
  region size 1024K, 43 young (44032K), 5 survivors (5120K)
 Metaspace       used 65735K, committed 66688K, reserved 491520K
  class space    used 9421K, committed 9856K, reserved 425984K
}
Event: 11.987 GC heap after
{Heap after GC invocations=26 (full 0):
 garbage-first heap   total 122880K, used 62635K [0x0000000080000000, 0x0000000100000000)
  region size 1024K, 5 young (5120K), 5 survivors (5120K)
 Metaspace       used 65735K, committed 66688K, reserved 491520K
  class space    used 9421K, committed 9856K, reserved 425984K
}
Event: 11.999 GC heap before
{Heap before GC invocations=26 (full 0):
 garbage-first heap   total 122880K, used 63659K [0x0000000080000000, 0x0000000100000000)
  region size 1024K, 6 young (6144K), 5 survivors (5120K)
 Metaspace       used 65736K, committed 66688K, reserved 491520K
  class space    used 9421K, committed 9856K, reserved 425984K
}
Event: 12.003 GC heap after
{Heap after GC invocations=27 (full 0):
 garbage-first heap   total 122880K, used 62147K [0x0000000080000000, 0x0000000100000000)
  region size 1024K, 1 young (1024K), 1 survivors (1024K)
 Metaspace       used 65736K, committed 66688K, reserved 491520K
  class space    used 9421K, committed 9856K, reserved 425984K
}
Event: 12.755 GC heap before
{Heap before GC invocations=27 (full 0):
 garbage-first heap   total 122880K, used 99011K [0x0000000080000000, 0x0000000100000000)
  region size 1024K, 37 young (37888K), 1 survivors (1024K)
 Metaspace       used 67958K, committed 68928K, reserved 491520K
  class space    used 9773K, committed 10240K, reserved 425984K
}
Event: 12.759 GC heap after
{Heap after GC invocations=28 (full 0):
 garbage-first heap   total 122880K, used 65486K [0x0000000080000000, 0x0000000100000000)
  region size 1024K, 5 young (5120K), 5 survivors (5120K)
 Metaspace       used 67958K, committed 68928K, reserved 491520K
  class space    used 9773K, committed 10240K, reserved 425984K
}
Event: 13.322 GC heap before
{Heap before GC invocations=29 (full 0):
 garbage-first heap   total 122880K, used 97183K [0x0000000080000000, 0x0000000100000000)
  region size 1024K, 37 young (37888K), 5 survivors (5120K)
 Metaspace       used 70272K, committed 71232K, reserved 491520K
  class space    used 10179K, committed 10624K, reserved 425984K
}
Event: 13.327 GC heap after
{Heap after GC invocations=30 (full 0):
 garbage-first heap   total 122880K, used 68528K [0x0000000080000000, 0x0000000100000000)
  region size 1024K, 4 young (4096K), 4 survivors (4096K)
 Metaspace       used 70272K, committed 71232K, reserved 491520K
  class space    used 10179K, committed 10624K, reserved 425984K
}
Event: 13.339 GC heap before
{Heap before GC invocations=30 (full 0):
 garbage-first heap   total 122880K, used 70576K [0x0000000080000000, 0x0000000100000000)
  region size 1024K, 6 young (6144K), 4 survivors (4096K)
 Metaspace       used 70285K, committed 71296K, reserved 491520K
  class space    used 10179K, committed 10624K, reserved 425984K
}
Event: 13.342 GC heap after
{Heap after GC invocations=31 (full 0):
 garbage-first heap   total 122880K, used 67743K [0x0000000080000000, 0x0000000100000000)
  region size 1024K, 1 young (1024K), 1 survivors (1024K)
 Metaspace       used 70285K, committed 71296K, reserved 491520K
  class space    used 10179K, committed 10624K, reserved 425984K
}
Event: 13.728 GC heap before
{Heap before GC invocations=31 (full 0):
 garbage-first heap   total 122880K, used 98463K [0x0000000080000000, 0x0000000100000000)
  region size 1024K, 32 young (32768K), 1 survivors (1024K)
 Metaspace       used 71525K, committed 72576K, reserved 491520K
  class space    used 10335K, committed 10880K, reserved 425984K
}
Event: 13.732 GC heap after
{Heap after GC invocations=32 (full 0):
 garbage-first heap   total 122880K, used 71550K [0x0000000080000000, 0x0000000100000000)
  region size 1024K, 4 young (4096K), 4 survivors (4096K)
 Metaspace       used 71525K, committed 72576K, reserved 491520K
  class space    used 10335K, committed 10880K, reserved 425984K
}
Event: 14.253 GC heap before
{Heap before GC invocations=32 (full 0):
 garbage-first heap   total 122880K, used 100222K [0x0000000080000000, 0x0000000100000000)
  region size 1024K, 32 young (32768K), 4 survivors (4096K)
 Metaspace       used 72128K, committed 73280K, reserved 491520K
  class space    used 10372K, committed 10944K, reserved 425984K
}
Event: 14.259 GC heap after
{Heap after GC invocations=33 (full 0):
 garbage-first heap   total 280576K, used 75318K [0x0000000080000000, 0x0000000100000000)
  region size 1024K, 4 young (4096K), 4 survivors (4096K)
 Metaspace       used 72128K, committed 73280K, reserved 491520K
  class space    used 10372K, committed 10944K, reserved 425984K
}
Event: 14.900 GC heap before
{Heap before GC invocations=33 (full 0):
 garbage-first heap   total 280576K, used 217654K [0x0000000080000000, 0x0000000100000000)
  region size 1024K, 143 young (146432K), 4 survivors (4096K)
 Metaspace       used 72355K, committed 73536K, reserved 491520K
  class space    used 10374K, committed 10944K, reserved 425984K
}
Event: 14.907 GC heap after
{Heap after GC invocations=34 (full 0):
 garbage-first heap   total 280576K, used 79981K [0x0000000080000000, 0x0000000100000000)
  region size 1024K, 9 young (9216K), 9 survivors (9216K)
 Metaspace       used 72355K, committed 73536K, reserved 491520K
  class space    used 10374K, committed 10944K, reserved 425984K
}
Event: 16.671 GC heap before
{Heap before GC invocations=34 (full 0):
 garbage-first heap   total 280576K, used 235629K [0x0000000080000000, 0x0000000100000000)
  region size 1024K, 150 young (153600K), 9 survivors (9216K)
 Metaspace       used 80241K, committed 81472K, reserved 557056K
  class space    used 11318K, committed 11904K, reserved 425984K
}
Event: 16.683 GC heap after
{Heap after GC invocations=35 (full 0):
 garbage-first heap   total 280576K, used 99781K [0x0000000080000000, 0x0000000100000000)
  region size 1024K, 19 young (19456K), 19 survivors (19456K)
 Metaspace       used 80241K, committed 81472K, reserved 557056K
  class space    used 11318K, committed 11904K, reserved 425984K
}

