# JRE version: OpenJDK Runtime Environment Temurin-21.0.8+9 (21.0.8+9) (build 21.0.8+9-LTS)
# Java VM: OpenJDK 64-Bit Server VM Temurin-21.0.8+9 (21.0.8+9-LTS, mixed mode, sharing, tiered, compressed oops, compressed class ptrs, parallel gc, windows-amd64)
GC Precious Log:
 CardTable entry size: 512
 CPUs: 8 total, 8 available
 Memory: 8029M
 Large Page Support: Disabled
 NUMA Support: Disabled
 Compressed Oops: Enabled (32-bit)
 Alignments: Space 512K, Generation 512K, Heap 2M
 Heap Min Capacity: 100M
 Heap Initial Capacity: 100M
 Heap Max Capacity: 2G
 Pre-touch: Disabled
 Parallel Workers: 8
Heap:
 PSYoungGen      total 9216K, used 3320K [0x00000000d5580000, 0x00000000d6000000, 0x0000000100000000)
  eden space 8704K, 35% used [0x00000000d5580000,0x00000000d5886210,0x00000000d5e00000)
  from space 512K, 43% used [0x00000000d5f80000,0x00000000d5fb8000,0x00000000d6000000)
  to   space 512K, 0% used [0x00000000d5f00000,0x00000000d5f00000,0x00000000d5f80000)
 ParOldGen       total 1009664K, used 1009300K [0x0000000080000000, 0x00000000bda00000, 0x00000000d5580000)
  object space 1009664K, 99% used [0x0000000080000000,0x00000000bd9a5080,0x00000000bda00000)
 Metaspace       used 87039K, committed 88704K, reserved 1179648K
  class space    used 10358K, committed 11136K, reserved 1048576K
GC Heap History (20 events):
Event: 1033.210 GC heap before
{Heap before GC invocations=3156 (full 5):
 PSYoungGen      total 9216K, used 8928K [0x00000000d5580000, 0x00000000d6000000, 0x0000000100000000)
  eden space 8704K, 100% used [0x00000000d5580000,0x00000000d5e00000,0x00000000d5e00000)
  from space 512K, 43% used [0x00000000d5f80000,0x00000000d5fb8000,0x00000000d6000000)
  to   space 512K, 0% used [0x00000000d5f00000,0x00000000d5f00000,0x00000000d5f80000)
 ParOldGen       total 1009152K, used 1009107K [0x0000000080000000, 0x00000000bd980000, 0x00000000d5580000)
  object space 1009152K, 99% used [0x0000000080000000,0x00000000bd974ed0,0x00000000bd980000)
 Metaspace       used 86615K, committed 88320K, reserved 1179648K
  class space    used 10308K, committed 11072K, reserved 1048576K
}
Event: 1033.212 GC heap after
{Heap after GC invocations=3156 (full 5):
 PSYoungGen      total 9216K, used 160K [0x00000000d5580000, 0x00000000d6000000, 0x0000000100000000)
  eden space 8704K, 0% used [0x00000000d5580000,0x00000000d5580000,0x00000000d5e00000)
  from space 512K, 31% used [0x00000000d5f00000,0x00000000d5f28000,0x00000000d5f80000)
  to   space 512K, 0% used [0x00000000d5f80000,0x00000000d5f80000,0x00000000d6000000)
 ParOldGen       total 1009152K, used 1009107K [0x0000000080000000, 0x00000000bd980000, 0x00000000d5580000)
  object space 1009152K, 99% used [0x0000000080000000,0x00000000bd974ed0,0x00000000bd980000)
 Metaspace       used 86615K, committed 88320K, reserved 1179648K
  class space    used 10308K, committed 11072K, reserved 1048576K
}
Event: 1033.346 GC heap before
{Heap before GC invocations=3157 (full 5):
 PSYoungGen      total 9216K, used 8864K [0x00000000d5580000, 0x00000000d6000000, 0x0000000100000000)
  eden space 8704K, 100% used [0x00000000d5580000,0x00000000d5e00000,0x00000000d5e00000)
  from space 512K, 31% used [0x00000000d5f00000,0x00000000d5f28000,0x00000000d5f80000)
  to   space 512K, 0% used [0x00000000d5f80000,0x00000000d5f80000,0x00000000d6000000)
 ParOldGen       total 1009152K, used 1009107K [0x0000000080000000, 0x00000000bd980000, 0x00000000d5580000)
  object space 1009152K, 99% used [0x0000000080000000,0x00000000bd974ed0,0x00000000bd980000)
 Metaspace       used 86615K, committed 88320K, reserved 1179648K
  class space    used 10308K, committed 11072K, reserved 1048576K
}
Event: 1033.348 GC heap after
{Heap after GC invocations=3157 (full 5):
 PSYoungGen      total 9216K, used 160K [0x00000000d5580000, 0x00000000d6000000, 0x0000000100000000)
  eden space 8704K, 0% used [0x00000000d5580000,0x00000000d5580000,0x00000000d5e00000)
  from space 512K, 31% used [0x00000000d5f80000,0x00000000d5fa8000,0x00000000d6000000)
  to   space 512K, 0% used [0x00000000d5f00000,0x00000000d5f00000,0x00000000d5f80000)
 ParOldGen       total 1009152K, used 1009107K [0x0000000080000000, 0x00000000bd980000, 0x00000000d5580000)
  object space 1009152K, 99% used [0x0000000080000000,0x00000000bd974ed0,0x00000000bd980000)
 Metaspace       used 86615K, committed 88320K, reserved 1179648K
  class space    used 10308K, committed 11072K, reserved 1048576K
}
Event: 1033.520 GC heap before
{Heap before GC invocations=3158 (full 5):
 PSYoungGen      total 9216K, used 8864K [0x00000000d5580000, 0x00000000d6000000, 0x0000000100000000)
  eden space 8704K, 100% used [0x00000000d5580000,0x00000000d5e00000,0x00000000d5e00000)
  from space 512K, 31% used [0x00000000d5f80000,0x00000000d5fa8000,0x00000000d6000000)
  to   space 512K, 0% used [0x00000000d5f00000,0x00000000d5f00000,0x00000000d5f80000)
 ParOldGen       total 1009152K, used 1009107K [0x0000000080000000, 0x00000000bd980000, 0x00000000d5580000)
  object space 1009152K, 99% used [0x0000000080000000,0x00000000bd974ed0,0x00000000bd980000)
 Metaspace       used 86615K, committed 88320K, reserved 1179648K
  class space    used 10308K, committed 11072K, reserved 1048576K
}
Event: 1033.522 GC heap after
{Heap after GC invocations=3158 (full 5):
 PSYoungGen      total 9216K, used 160K [0x00000000d5580000, 0x00000000d6000000, 0x0000000100000000)
  eden space 8704K, 0% used [0x00000000d5580000,0x00000000d5580000,0x00000000d5e00000)
  from space 512K, 31% used [0x00000000d5f00000,0x00000000d5f28000,0x00000000d5f80000)
  to   space 512K, 0% used [0x00000000d5f80000,0x00000000d5f80000,0x00000000d6000000)
 ParOldGen       total 1009152K, used 1009107K [0x0000000080000000, 0x00000000bd980000, 0x00000000d5580000)
  object space 1009152K, 99% used [0x0000000080000000,0x00000000bd974ed0,0x00000000bd980000)
 Metaspace       used 86615K, committed 88320K, reserved 1179648K
  class space    used 10308K, committed 11072K, reserved 1048576K
}
Event: 1033.677 GC heap before
{Heap before GC invocations=3159 (full 5):
 PSYoungGen      total 9216K, used 8864K [0x00000000d5580000, 0x00000000d6000000, 0x0000000100000000)
  eden space 8704K, 100% used [0x00000000d5580000,0x00000000d5e00000,0x00000000d5e00000)
  from space 512K, 31% used [0x00000000d5f00000,0x00000000d5f28000,0x00000000d5f80000)
  to   space 512K, 0% used [0x00000000d5f80000,0x00000000d5f80000,0x00000000d6000000)
 ParOldGen       total 1009152K, used 1009107K [0x0000000080000000, 0x00000000bd980000, 0x00000000d5580000)
  object space 1009152K, 99% used [0x0000000080000000,0x00000000bd974ed0,0x00000000bd980000)
 Metaspace       used 86615K, committed 88320K, reserved 1179648K
  class space    used 10308K, committed 11072K, reserved 1048576K
}
Event: 1033.678 GC heap after
{Heap after GC invocations=3159 (full 5):
 PSYoungGen      total 9216K, used 160K [0x00000000d5580000, 0x00000000d6000000, 0x0000000100000000)
  eden space 8704K, 0% used [0x00000000d5580000,0x00000000d5580000,0x00000000d5e00000)
  from space 512K, 31% used [0x00000000d5f80000,0x00000000d5fa8000,0x00000000d6000000)
  to   space 512K, 0% used [0x00000000d5f00000,0x00000000d5f00000,0x00000000d5f80000)
 ParOldGen       total 1009152K, used 1009107K [0x0000000080000000, 0x00000000bd980000, 0x00000000d5580000)
  object space 1009152K, 99% used [0x0000000080000000,0x00000000bd974ed0,0x00000000bd980000)
 Metaspace       used 86615K, committed 88320K, reserved 1179648K
  class space    used 10308K, committed 11072K, reserved 1048576K
}
Event: 1033.825 GC heap before
{Heap before GC invocations=3160 (full 5):
 PSYoungGen      total 9216K, used 8864K [0x00000000d5580000, 0x00000000d6000000, 0x0000000100000000)
  eden space 8704K, 100% used [0x00000000d5580000,0x00000000d5e00000,0x00000000d5e00000)
  from space 512K, 31% used [0x00000000d5f80000,0x00000000d5fa8000,0x00000000d6000000)
  to   space 512K, 0% used [0x00000000d5f00000,0x00000000d5f00000,0x00000000d5f80000)
 ParOldGen       total 1009152K, used 1009107K [0x0000000080000000, 0x00000000bd980000, 0x00000000d5580000)
  object space 1009152K, 99% used [0x0000000080000000,0x00000000bd974ed0,0x00000000bd980000)
 Metaspace       used 86615K, committed 88320K, reserved 1179648K
  class space    used 10308K, committed 11072K, reserved 1048576K
}
Event: 1033.827 GC heap after
{Heap after GC invocations=3160 (full 5):
 PSYoungGen      total 9216K, used 160K [0x00000000d5580000, 0x00000000d6000000, 0x0000000100000000)
  eden space 8704K, 0% used [0x00000000d5580000,0x00000000d5580000,0x00000000d5e00000)
  from space 512K, 31% used [0x00000000d5f00000,0x00000000d5f28000,0x00000000d5f80000)
  to   space 512K, 0% used [0x00000000d5f80000,0x00000000d5f80000,0x00000000d6000000)
 ParOldGen       total 1009152K, used 1009107K [0x0000000080000000, 0x00000000bd980000, 0x00000000d5580000)
  object space 1009152K, 99% used [0x0000000080000000,0x00000000bd974ed0,0x00000000bd980000)
 Metaspace       used 86615K, committed 88320K, reserved 1179648K
  class space    used 10308K, committed 11072K, reserved 1048576K
}
Event: 1033.986 GC heap before
{Heap before GC invocations=3161 (full 5):
 PSYoungGen      total 9216K, used 8864K [0x00000000d5580000, 0x00000000d6000000, 0x0000000100000000)
  eden space 8704K, 100% used [0x00000000d5580000,0x00000000d5e00000,0x00000000d5e00000)
  from space 512K, 31% used [0x00000000d5f00000,0x00000000d5f28000,0x00000000d5f80000)
  to   space 512K, 0% used [0x00000000d5f80000,0x00000000d5f80000,0x00000000d6000000)
 ParOldGen       total 1009152K, used 1009107K [0x0000000080000000, 0x00000000bd980000, 0x00000000d5580000)
  object space 1009152K, 99% used [0x0000000080000000,0x00000000bd974ed0,0x00000000bd980000)
 Metaspace       used 86615K, committed 88320K, reserved 1179648K
  class space    used 10308K, committed 11072K, reserved 1048576K
}
Event: 1033.988 GC heap after
{Heap after GC invocations=3161 (full 5):
 PSYoungGen      total 9216K, used 256K [0x00000000d5580000, 0x00000000d6000000, 0x0000000100000000)
  eden space 8704K, 0% used [0x00000000d5580000,0x00000000d5580000,0x00000000d5e00000)
  from space 512K, 50% used [0x00000000d5f80000,0x00000000d5fc0000,0x00000000d6000000)
  to   space 512K, 0% used [0x00000000d5f00000,0x00000000d5f00000,0x00000000d5f80000)
 ParOldGen       total 1009152K, used 1009107K [0x0000000080000000, 0x00000000bd980000, 0x00000000d5580000)
  object space 1009152K, 99% used [0x0000000080000000,0x00000000bd974ed0,0x00000000bd980000)
 Metaspace       used 86615K, committed 88320K, reserved 1179648K
  class space    used 10308K, committed 11072K, reserved 1048576K
}
Event: 1237.203 GC heap before
{Heap before GC invocations=3162 (full 5):
 PSYoungGen      total 9216K, used 8960K [0x00000000d5580000, 0x00000000d6000000, 0x0000000100000000)
  eden space 8704K, 100% used [0x00000000d5580000,0x00000000d5e00000,0x00000000d5e00000)
  from space 512K, 50% used [0x00000000d5f80000,0x00000000d5fc0000,0x00000000d6000000)
  to   space 512K, 0% used [0x00000000d5f00000,0x00000000d5f00000,0x00000000d5f80000)
 ParOldGen       total 1009152K, used 1009107K [0x0000000080000000, 0x00000000bd980000, 0x00000000d5580000)
  object space 1009152K, 99% used [0x0000000080000000,0x00000000bd974ed0,0x00000000bd980000)
 Metaspace       used 86617K, committed 88320K, reserved 1179648K
  class space    used 10308K, committed 11072K, reserved 1048576K
}
Event: 1237.254 GC heap after
{Heap after GC invocations=3162 (full 5):
 PSYoungGen      total 9216K, used 192K [0x00000000d5580000, 0x00000000d6000000, 0x0000000100000000)
  eden space 8704K, 0% used [0x00000000d5580000,0x00000000d5580000,0x00000000d5e00000)
  from space 512K, 37% used [0x00000000d5f00000,0x00000000d5f30000,0x00000000d5f80000)
  to   space 512K, 0% used [0x00000000d5f80000,0x00000000d5f80000,0x00000000d6000000)
 ParOldGen       total 1009152K, used 1009107K [0x0000000080000000, 0x00000000bd980000, 0x00000000d5580000)
  object space 1009152K, 99% used [0x0000000080000000,0x00000000bd974ed0,0x00000000bd980000)
 Metaspace       used 86617K, committed 88320K, reserved 1179648K
  class space    used 10308K, committed 11072K, reserved 1048576K
}
Event: 3023.582 GC heap before
{Heap before GC invocations=3163 (full 5):
 PSYoungGen      total 9216K, used 8896K [0x00000000d5580000, 0x00000000d6000000, 0x0000000100000000)
  eden space 8704K, 100% used [0x00000000d5580000,0x00000000d5e00000,0x00000000d5e00000)
  from space 512K, 37% used [0x00000000d5f00000,0x00000000d5f30000,0x00000000d5f80000)
  to   space 512K, 0% used [0x00000000d5f80000,0x00000000d5f80000,0x00000000d6000000)
 ParOldGen       total 1009152K, used 1009107K [0x0000000080000000, 0x00000000bd980000, 0x00000000d5580000)
  object space 1009152K, 99% used [0x0000000080000000,0x00000000bd974ed0,0x00000000bd980000)
 Metaspace       used 86651K, committed 88320K, reserved 1179648K
  class space    used 10308K, committed 11072K, reserved 1048576K
}
Event: 3023.759 GC heap after
{Heap after GC invocations=3163 (full 5):
 PSYoungGen      total 9216K, used 224K [0x00000000d5580000, 0x00000000d6000000, 0x0000000100000000)
  eden space 8704K, 0% used [0x00000000d5580000,0x00000000d5580000,0x00000000d5e00000)
  from space 512K, 43% used [0x00000000d5f80000,0x00000000d5fb8000,0x00000000d6000000)
  to   space 512K, 0% used [0x00000000d5f00000,0x00000000d5f00000,0x00000000d5f80000)
 ParOldGen       total 1009664K, used 1009155K [0x0000000080000000, 0x00000000bda00000, 0x00000000d5580000)
  object space 1009664K, 99% used [0x0000000080000000,0x00000000bd980ed0,0x00000000bda00000)
 Metaspace       used 86651K, committed 88320K, reserved 1179648K
  class space    used 10308K, committed 11072K, reserved 1048576K
}
Event: 4433.336 GC heap before
{Heap before GC invocations=3164 (full 5):
 PSYoungGen      total 9216K, used 8928K [0x00000000d5580000, 0x00000000d6000000, 0x0000000100000000)
  eden space 8704K, 100% used [0x00000000d5580000,0x00000000d5e00000,0x00000000d5e00000)
  from space 512K, 43% used [0x00000000d5f80000,0x00000000d5fb8000,0x00000000d6000000)
  to   space 512K, 0% used [0x00000000d5f00000,0x00000000d5f00000,0x00000000d5f80000)
 ParOldGen       total 1009664K, used 1009155K [0x0000000080000000, 0x00000000bda00000, 0x00000000d5580000)
  object space 1009664K, 99% used [0x0000000080000000,0x00000000bd980ed0,0x00000000bda00000)
 Metaspace       used 87008K, committed 88704K, reserved 1179648K
  class space    used 10358K, committed 11136K, reserved 1048576K
}
Event: 4433.519 GC heap after
{Heap after GC invocations=3164 (full 5):
 PSYoungGen      total 9216K, used 256K [0x00000000d5580000, 0x00000000d6000000, 0x0000000100000000)
  eden space 8704K, 0% used [0x00000000d5580000,0x00000000d5580000,0x00000000d5e00000)
  from space 512K, 50% used [0x00000000d5f00000,0x00000000d5f40000,0x00000000d5f80000)
  to   space 512K, 0% used [0x00000000d5f80000,0x00000000d5f80000,0x00000000d6000000)
 ParOldGen       total 1009664K, used 1009203K [0x0000000080000000, 0x00000000bda00000, 0x00000000d5580000)
  object space 1009664K, 99% used [0x0000000080000000,0x00000000bd98ced0,0x00000000bda00000)
 Metaspace       used 87008K, committed 88704K, reserved 1179648K
  class space    used 10358K, committed 11136K, reserved 1048576K
}
Event: 6588.018 GC heap before
{Heap before GC invocations=3165 (full 5):
 PSYoungGen      total 9216K, used 8960K [0x00000000d5580000, 0x00000000d6000000, 0x0000000100000000)
  eden space 8704K, 100% used [0x00000000d5580000,0x00000000d5e00000,0x00000000d5e00000)
  from space 512K, 50% used [0x00000000d5f00000,0x00000000d5f40000,0x00000000d5f80000)
  to   space 512K, 0% used [0x00000000d5f80000,0x00000000d5f80000,0x00000000d6000000)
 ParOldGen       total 1009664K, used 1009203K [0x0000000080000000, 0x00000000bda00000, 0x00000000d5580000)
  object space 1009664K, 99% used [0x0000000080000000,0x00000000bd98ced0,0x00000000bda00000)
 Metaspace       used 87023K, committed 88704K, reserved 1179648K
  class space    used 10358K, committed 11136K, reserved 1048576K
}
Event: 6588.168 GC heap after
{Heap after GC invocations=3165 (full 5):
 PSYoungGen      total 9216K, used 224K [0x00000000d5580000, 0x00000000d6000000, 0x0000000100000000)
  eden space 8704K, 0% used [0x00000000d5580000,0x00000000d5580000,0x00000000d5e00000)
  from space 512K, 43% used [0x00000000d5f80000,0x00000000d5fb8000,0x00000000d6000000)
  to   space 512K, 0% used [0x00000000d5f00000,0x00000000d5f00000,0x00000000d5f80000)
 ParOldGen       total 1009664K, used 1009300K [0x0000000080000000, 0x00000000bda00000, 0x00000000d5580000)
  object space 1009664K, 99% used [0x0000000080000000,0x00000000bd9a5080,0x00000000bda00000)
 Metaspace       used 87023K, committed 88704K, reserved 1179648K
  class space    used 10358K, committed 11136K, reserved 1048576K
}

