# JRE version: OpenJDK Runtime Environment Temurin-17.0.17+10 (17.0.17+10) (build 17.0.17+10)
# Java VM: OpenJDK 64-Bit Server VM Temurin-17.0.17+10 (17.0.17+10, mixed mode, sharing, tiered, compressed oops, compressed class ptrs, g1 gc, windows-amd64)
GC Precious Log:
 CPUs: 8 total, 8 available
 Memory: 8029M
 Large Page Support: Disabled
 NUMA Support: Disabled
 Compressed Oops: Enabled (32-bit)
 Heap Region Size: 1M
 Heap Min Capacity: 8M
 Heap Initial Capacity: 126M
 Heap Max Capacity: 2G
 Pre-touch: Disabled
 Parallel Workers: 8
 Concurrent Workers: 2
 Concurrent Refinement Workers: 8
 Periodic GC: Disabled
Heap:
 garbage-first heap   total 220160K, used 179152K [0x0000000080000000, 0x0000000100000000)
  region size 1024K, 12 young (12288K), 2 survivors (2048K)
 Metaspace       used 106674K, committed 108224K, reserved 557056K
  class space    used 15060K, committed 15808K, reserved 425984K
GC Heap History (20 events):
Event: 24.712 GC heap before
{Heap before GC invocations=47 (full 0):
 garbage-first heap   total 183296K, used 155469K [0x0000000080000000, 0x0000000100000000)
  region size 1024K, 24 young (24576K), 3 survivors (3072K)
 Metaspace       used 104280K, committed 105728K, reserved 557056K
  class space    used 14752K, committed 15424K, reserved 425984K
}
Event: 24.714 GC heap after
{Heap after GC invocations=48 (full 0):
 garbage-first heap   total 183296K, used 135596K [0x0000000080000000, 0x0000000100000000)
  region size 1024K, 3 young (3072K), 3 survivors (3072K)
 Metaspace       used 104280K, committed 105728K, reserved 557056K
  class space    used 14752K, committed 15424K, reserved 425984K
}
Event: 24.830 GC heap before
{Heap before GC invocations=48 (full 0):
 garbage-first heap   total 183296K, used 155052K [0x0000000080000000, 0x0000000100000000)
  region size 1024K, 23 young (23552K), 3 survivors (3072K)
 Metaspace       used 104315K, committed 105728K, reserved 557056K
  class space    used 14758K, committed 15424K, reserved 425984K
}
Event: 24.833 GC heap after
{Heap after GC invocations=49 (full 0):
 garbage-first heap   total 220160K, used 136251K [0x0000000080000000, 0x0000000100000000)
  region size 1024K, 3 young (3072K), 3 survivors (3072K)
 Metaspace       used 104315K, committed 105728K, reserved 557056K
  class space    used 14758K, committed 15424K, reserved 425984K
}
Event: 25.524 GC heap before
{Heap before GC invocations=49 (full 0):
 garbage-first heap   total 220160K, used 187451K [0x0000000080000000, 0x0000000100000000)
  region size 1024K, 52 young (53248K), 3 survivors (3072K)
 Metaspace       used 105359K, committed 106880K, reserved 557056K
  class space    used 14905K, committed 15616K, reserved 425984K
}
Event: 25.532 GC heap after
{Heap after GC invocations=50 (full 0):
 garbage-first heap   total 220160K, used 148381K [0x0000000080000000, 0x0000000100000000)
  region size 1024K, 7 young (7168K), 7 survivors (7168K)
 Metaspace       used 105359K, committed 106880K, reserved 557056K
  class space    used 14905K, committed 15616K, reserved 425984K
}
Event: 25.962 GC heap before
{Heap before GC invocations=50 (full 0):
 garbage-first heap   total 220160K, used 184221K [0x0000000080000000, 0x0000000100000000)
  region size 1024K, 43 young (44032K), 7 survivors (7168K)
 Metaspace       used 105486K, committed 106944K, reserved 557056K
  class space    used 14910K, committed 15616K, reserved 425984K
}
Event: 25.968 GC heap after
{Heap after GC invocations=51 (full 0):
 garbage-first heap   total 220160K, used 152372K [0x0000000080000000, 0x0000000100000000)
  region size 1024K, 5 young (5120K), 5 survivors (5120K)
 Metaspace       used 105486K, committed 106944K, reserved 557056K
  class space    used 14910K, committed 15616K, reserved 425984K
}
Event: 26.149 GC heap before
{Heap before GC invocations=51 (full 0):
 garbage-first heap   total 220160K, used 184116K [0x0000000080000000, 0x0000000100000000)
  region size 1024K, 37 young (37888K), 5 survivors (5120K)
 Metaspace       used 105488K, committed 106944K, reserved 557056K
  class space    used 14910K, committed 15616K, reserved 425984K
}
Event: 26.152 GC heap after
{Heap after GC invocations=52 (full 0):
 garbage-first heap   total 220160K, used 153274K [0x0000000080000000, 0x0000000100000000)
  region size 1024K, 3 young (3072K), 3 survivors (3072K)
 Metaspace       used 105488K, committed 106944K, reserved 557056K
  class space    used 14910K, committed 15616K, reserved 425984K
}
Event: 26.293 GC heap before
{Heap before GC invocations=52 (full 0):
 garbage-first heap   total 220160K, used 186042K [0x0000000080000000, 0x0000000100000000)
  region size 1024K, 36 young (36864K), 3 survivors (3072K)
 Metaspace       used 105488K, committed 106944K, reserved 557056K
  class space    used 14910K, committed 15616K, reserved 425984K
}
Event: 26.296 GC heap after
{Heap after GC invocations=53 (full 0):
 garbage-first heap   total 220160K, used 154201K [0x0000000080000000, 0x0000000100000000)
  region size 1024K, 3 young (3072K), 3 survivors (3072K)
 Metaspace       used 105488K, committed 106944K, reserved 557056K
  class space    used 14910K, committed 15616K, reserved 425984K
}
Event: 26.450 GC heap before
{Heap before GC invocations=53 (full 0):
 garbage-first heap   total 220160K, used 185945K [0x0000000080000000, 0x0000000100000000)
  region size 1024K, 35 young (35840K), 3 survivors (3072K)
 Metaspace       used 105488K, committed 106944K, reserved 557056K
  class space    used 14910K, committed 15616K, reserved 425984K
}
Event: 26.452 GC heap after
{Heap after GC invocations=54 (full 0):
 garbage-first heap   total 220160K, used 154812K [0x0000000080000000, 0x0000000100000000)
  region size 1024K, 3 young (3072K), 3 survivors (3072K)
 Metaspace       used 105488K, committed 106944K, reserved 557056K
  class space    used 14910K, committed 15616K, reserved 425984K
}
Event: 26.605 GC heap before
{Heap before GC invocations=54 (full 0):
 garbage-first heap   total 220160K, used 186556K [0x0000000080000000, 0x0000000100000000)
  region size 1024K, 35 young (35840K), 3 survivors (3072K)
 Metaspace       used 105493K, committed 107008K, reserved 557056K
  class space    used 14910K, committed 15616K, reserved 425984K
}
Event: 26.607 GC heap after
{Heap after GC invocations=55 (full 0):
 garbage-first heap   total 220160K, used 155540K [0x0000000080000000, 0x0000000100000000)
  region size 1024K, 4 young (4096K), 4 survivors (4096K)
 Metaspace       used 105493K, committed 107008K, reserved 557056K
  class space    used 14910K, committed 15616K, reserved 425984K
}
Event: 27.348 GC heap before
{Heap before GC invocations=55 (full 0):
 garbage-first heap   total 220160K, used 191380K [0x0000000080000000, 0x0000000100000000)
  region size 1024K, 35 young (35840K), 4 survivors (4096K)
 Metaspace       used 105766K, committed 107264K, reserved 557056K
  class space    used 14935K, committed 15680K, reserved 425984K
}
Event: 27.354 GC heap after
{Heap after GC invocations=56 (full 0):
 garbage-first heap   total 220160K, used 168314K [0x0000000080000000, 0x0000000100000000)
  region size 1024K, 5 young (5120K), 5 survivors (5120K)
 Metaspace       used 105766K, committed 107264K, reserved 557056K
  class space    used 14935K, committed 15680K, reserved 425984K
}
Event: 27.760 GC heap before
{Heap before GC invocations=56 (full 0):
 garbage-first heap   total 220160K, used 185722K [0x0000000080000000, 0x0000000100000000)
  region size 1024K, 22 young (22528K), 5 survivors (5120K)
 Metaspace       used 106548K, committed 108096K, reserved 557056K
  class space    used 15049K, committed 15808K, reserved 425984K
}
Event: 27.765 GC heap after
{Heap after GC invocations=57 (full 0):
 garbage-first heap   total 220160K, used 169936K [0x0000000080000000, 0x0000000100000000)
  region size 1024K, 2 young (2048K), 2 survivors (2048K)
 Metaspace       used 106548K, committed 108096K, reserved 557056K
  class space    used 15049K, committed 15808K, reserved 425984K
}

